BLASTP 2.11.0+


Reference: Stephen F. Altschul, Thomas L. Madden, Alejandro A.
Schaffer, Jinghui Zhang, Zheng Zhang, Webb Miller, and David J.
Lipman (1997), "Gapped BLAST and PSI-BLAST: a new generation of
protein database search programs", Nucleic Acids Res. 25:3389-3402.


Reference for composition-based statistics: Alejandro A. Schaffer,
L. Aravind, Thomas L. Madden, Sergei Shavirin, John L. Spouge, Yuri
I. Wolf, Eugene V. Koonin, and Stephen F. Altschul (2001),
"Improving the accuracy of PSI-BLAST protein database searches with
composition-based statistics and other refinements", Nucleic Acids
Res. 29:2994-3005.



Database: All non-redundant GenBank CDS translations+PDB+SwissProt+PIR+PRF
excluding environmental samples from WGS projects
           391,068,434 sequences; 141,831,737,121 total letters



Query= NM_001040633 Homo sapiens protein kinase AMP-activated non-catalytic
subunit gamma 2 (PRKAG2), transcript variant c, mRNA.

Length=1038

RID: 8YGTS3NK016


***** No hits found *****



Lambda      K        H
   0.343    0.152    0.530 

Gapped
Lambda      K        H
   0.267   0.0410    0.140 

Effective search space used: 64337653180460


  Database: All non-redundant GenBank CDS translations+PDB+SwissProt+PIR+PRF
excluding environmental samples from WGS projects
    Posted date:  Apr 28, 2021 02:06 AM
  Number of letters in database: 141,831,737,121
  Number of sequences in database:  391,068,434



Matrix: BLOSUM62
Gap Penalties: Existence: 11, Extension: 1
Neighboring words threshold: 11
Window for multiple hits: 40
