BLASTP 2.9.0+


Reference: Stephen F. Altschul, Thomas L. Madden, Alejandro A.
Schaffer, Jinghui Zhang, Zheng Zhang, Webb Miller, and David J.
Lipman (1997), "Gapped BLAST and PSI-BLAST: a new generation of
protein database search programs", Nucleic Acids Res. 25:3389-3402.


Reference for composition-based statistics: Alejandro A. Schaffer,
L. Aravind, Thomas L. Madden, Sergei Shavirin, John L. Spouge, Yuri
I. Wolf, Eugene V. Koonin, and Stephen F. Altschul (2001),
"Improving the accuracy of PSI-BLAST protein database searches with
composition-based statistics and other refinements", Nucleic Acids
Res. 29:2994-3005.



Database: swissprot.fasta
           564,638 sequences; 203,519,613 total letters



Query= NM_001040633 Homo sapiens protein kinase AMP-activated non-catalytic
subunit gamma 2 (PRKAG2), transcript variant c, mRNA.

Length=1038


***** No hits found *****



Lambda      K        H        a         alpha
   0.343    0.152    0.530    0.792     4.96 

Gapped
Lambda      K        H        a         alpha    sigma
   0.267   0.0410    0.140     1.90     42.6     43.6 

Effective search space used: 119433813590


  Database: swissprot.fasta
    Posted date:  May 2, 2021  2:41 AM
  Number of letters in database: 203,519,613
  Number of sequences in database:  564,638



Matrix: BLOSUM62
Gap Penalties: Existence: 11, Extension: 1
Neighboring words threshold: 11
Window for multiple hits: 40
